CONNECTED(00000003)
---
Certificate chain
 0 s:CN = *.example.com
   i:CN = *.example.com
   a:PKEY: rsaEncryption, 4096 (bit); sigalg: RSA-SHA512
   v:NotBefore: Jun 25 13:13:49 2024 GMT; NotAfter: Jul 25 13:13:49 2024 GMT
---
Server certificate
-----BEGIN CERTIFICATE-----
MIIEtzCCAp8CFFtkL7q6mjoX8SPDr5imMofYF7BYMA0GCSqGSIb3DQEBDQUAMBgx
FjAUBgNVBAMMDSouZXhhbXBsZS5jb20wHhcNMjQwNjI1MTMxMzQ5WhcNMjQwNzI1
MTMxMzQ5WjAYMRYwFAYDVQQDDA0qLmV4YW1wbGUuY29tMIICIjANBgkqhkiG9w0B
AQEFAAOCAg8AMIICCgKCAgEAr4k5+3ihQPMtL97n9dpl8hIrze7lK8fweDEZKnQS
J0a8IauAD7cazhYaLzx5pfvbrgCyU2ABwV/9ymA11pgZtbr4s6Cvu8fpHTVBBc/1
/Dhzncde9IiAKqQzMth70Brbhvk746So9TYI5Wu54ZA8w4WxPwMbajT62MBQvp2U
cdYp+W/5dEp+2KGe3yl9SEQvjrqIY6ycJIXIPOzDRfz28FNNw7sROA8zTALigv7n
aP/B/UaZhP9L1SobiA5XYmEF3Xeyh9EU7Xp05xdx0bhrrzomB0oK9BZEZPe+B1IP
jb/AxeGB5QX2+yjAG0VWlfbHX+ej/fmvkYWTAQ+rdqYNCEiV/PRq+r0yfkMJMfDv
oT10yyUtCkZUqSgKfrS3e3mMLrU40XjT2CrEJTiua+rukE3Aaz36VsAIpwUrv4y5
mHkJu8QW0TU48pk1e78TJHUv9HJ91uu6vjmy9qLwfzd6fSzcz77/0R7wBC/FlkgM
K871RwPJVQ3UH03E91qCeXa+11Eu4sde6n4fhs5GIDE2THmREMw6mO5Tu2cb8Lkh
EC9zU4dqGUVlmR73tAoCPWt+eVNzGgjPTfDvCuQzULQ302XsZDeUeD2HHgkt4IJ6
t+JSPAZecCndnrIbYJX9YjXD9rdRnu8oZqKrdiI9hAYzMZcm2kA0jWIJxeB9xHJ2
I8MCAwEAATANBgkqhkiG9w0BAQ0FAAOCAgEAV5kXFkYb8YXr1HHYFWJtr9TH9fUk
awuYyOrAA33qK3ZKkBwQRT9qxqPOj9VbrCdjSqHn7XRD0fQtJQugoTk3ysrArp/A
5M9pjuvOhP4pn1lZ1Kd3XY6B00Np4CCcqMyYl/sjFLFdcJ3Au0oUaTN61pzPPMgx
bHXYLlsgSCokgEl+Wb2l/LduAopZt9jYS5Q6tAF/RVupW2AckXDeenUSQkGb/qcZ
vLx9bxGaFq4RZJ/Q8cVlSXbR9/GL4xrBObp5dYXHa4iJPcXYeGoAC4pIv3kFrxYu
yIZPGd5HCm358jFTfNdsg8q+c+aq1WhIw0aTMCLPa+NJMPCVhyPl95kZdWQkN2YC
c5da7LLbvr0o7lqYJc2Q55H32HM+lE1Xt6hZIV1nsGY4n832JtiihuzQPlSIjVae
CZaUwcEDN9UD+pKidP+SGzZZ77srdbGWTbb2i5egKVoAzsL6vxWh0NmSo3nN7a6g
YCSJOQLPLg6SuIuvzTkuU6ZkgqHR63NXw3kFTcyML4KoBnWq1fhiJgrROyxnXhjh
cQegwicTz/XjWnvGw0XfTK+E1kgrFoRmtyRbOIqEwbL9ft1Fd5kFtYN0f0ZYXsaW
kMDRs43XsQoGa0cwUWoej6L4/qTCDg2VdQEkhICw8Ktk8UbNRX+BbfvMQgsDh/aE
KmkhGUiL0ml9mFc=
-----END CERTIFICATE-----
subject=CN = *.example.com
issuer=CN = *.example.com
---
No client certificate CA names sent
Peer signing digest: SHA256
Peer signature type: RSA-PSS
Server Temp Key: X25519, 253 bits
---
SSL handshake has read 2027 bytes and written 432 bytes
Verification: OK
---
New, TLSv1.3, Cipher is TLS_AES_256_GCM_SHA384
Server public key is 4096 bit
This TLS version forbids renegotiation.
Compression: NONE
Expansion: NONE
No ALPN negotiated
Early data was not sent
Verify return code: 0 (ok)
---
