CONNECTED(00000003)
---
Certificate chain
 0 s:CN = *.example.com
   i:CN = *.example.com
   a:PKEY: rsaEncryption, 4096 (bit); sigalg: RSA-SHA512
   v:NotBefore: Jun 25 13:13:49 2024 GMT; NotAfter: Jul 25 13:13:49 2024 GMT
---
Server certificate
-----BEGIN CERTIFICATE-----
MIIEtzCCAp8CFFtkL7q6mjoX8SPDr5imMofYF7BYMA0GCSqGSIb3DQEBDQUAMBgx
FjAUBgNVBAMMDSouZXhhbXBsZS5jb20wHhcNMjQwNjI1MTMxMzQ5WhcNMjQwNzI1
MTMxMzQ5WjAYMRYwFAYDVQQDDA0qLmV4YW1wbGUuY29tMIICIjANBgkqhkiG9w0B
AQEFAAOCAg8AMIICCgKCAgEAr4k5+3ihQPMtL97n9dpl8hIrze7lK8fweDEZKnQS
J0a8IauAD7cazhYaLzx5pfvbrgCyU2ABwV/9ymA11pgZtbr4s6Cvu8fpHTVBBc/1
/Dhzncde9IiAKqQzMth70Brbhvk746So9TYI5Wu54ZA8w4WxPwMbajT62MBQvp2U
cdYp+W/5dEp+2KGe3yl9SEQvjrqIY6ycJIXIPOzDRfz28FNNw7sROA8zTALigv7n
aP/B/UaZhP9L1SobiA5XYmEF3Xeyh9EU7Xp05xdx0bhrrzomB0oK9BZEZPe+B1IP
jb/AxeGB5QX2+yjAG0VWlfbHX+ej/fmvkYWTAQ+rdqYNCEiV/PRq+r0yfkMJMfDv
oT10yyUtCkZUqSgKfrS3e3mMLrU40XjT2CrEJTiua+rukE3Aaz36VsAIpwUrv4y5
mHkJu8QW0TU48pk1e78TJHUv9HJ91uu6vjmy9qLwfzd6fSzcz77/0R7wBC/FlkgM
K871RwPJVQ3UH03E91qCeXa+11Eu4sde6n4fhs5GIDE2THmREMw6mO5Tu2cb8Lkh
EC9zU4dqGUVlmR73tAoCPWt+eVNzGgjPTfDvCuQzULQ302XsZDeUeD2HHgkt4IJ6
t+JSPAZecCndnrIbYJX9YjXD9rdRnu8oZqKrdiI9hAYzMZcm2kA0jWIJxeB9xHJ2
I8MCAwEAATANBgkqhkiG9w0BAQ0FAAOCAgEAV5kXFkYb8YXr1HHYFWJtr9TH9fUk
awuYyOrAA33qK3ZKkBwQRT9qxqPOj9VbrCdjSqHn7XRD0fQtJQugoTk3ysrArp/A
5M9pjuvOhP4pn1lZ1Kd3XY6B00Np4CCcqMyYl/sjFLFdcJ3Au0oUaTN61pzPPMgx
bHXYLlsgSCokgEl+Wb2l/LduAopZt9jYS5Q6tAF/RVupW2AckXDeenUSQkGb/qcZ
vLx9bxGaFq4RZJ/Q8cVlSXbR9/GL4xrBObp5dYXHa4iJPcXYeGoAC4pIv3kFrxYu
yIZPGd5HCm358jFTfNdsg8q+c+aq1WhIw0aTMCLPa+NJMPCVhyPl95kZdWQkN2YC
c5da7LLbvr0o7lqYJc2Q55H32HM+lE1Xt6hZIV1nsGY4n832JtiihuzQPlSIjVae
CZaUwcEDN9UD+pKidP+SGzZZ77srdbGWTbb2i5egKVoAzsL6vxWh0NmSo3nN7a6g
YCSJOQLPLg6SuIuvzTkuU6ZkgqHR63NXw3kFTcyML4KoBnWq1fhiJgrROyxnXhjh
cQegwicTz/XjWnvGw0XfTK+E1kgrFoRmtyRbOIqEwbL9ft1Fd5kFtYN0f0ZYXsaW
kMDRs43XsQoGa0cwUWoej6L4/qTCDg2VdQEkhICw8Ktk8UbNRX+BbfvMQgsDh/aE
KmkhGUiL0ml9mFc=
-----END CERTIFICATE-----
subject=CN = *.example.com
issuer=CN = *.example.com
---
No client certificate CA names sent
Peer signing digest: SHA256
Peer signature type: RSA-PSS
Server Temp Key: X25519, 253 bits
---
SSL handshake has read 2128 bytes and written 445 bytes
Verification: OK
---
New, TLSv1.2, Cipher is ECDHE-RSA-AES256-GCM-SHA384
Server public key is 4096 bit
Secure Renegotiation IS supported
Compression: NONE
Expansion: NONE
No ALPN negotiated
SSL-Session:
    Protocol  : TLSv1.2
    Cipher    : ECDHE-RSA-AES256-GCM-SHA384
    Session-ID: CE3A7B3F47585DD1533A8F8039D9569E1B6E3A15292FE8ACD60C48279A4F9C8D
    Session-ID-ctx: 
    Master-Key: 76AD95BA7CF507312E9E6C7E4C0021342BEC83E19E51CB6C34FD694BF79B7207ED28B41510BDCA6757609DA96DB7D1BC
    PSK identity: None
    PSK identity hint: None
    SRP username: None
    TLS session ticket lifetime hint: 7200 (seconds)
    TLS session ticket:
    0000 - 43 1f d3 9a bf a2 d4 4f-51 c4 23 e3 d4 94 c7 16   C......OQ.#.....
    0010 - 73 d3 00 2f 1f 14 fb 59-7b 33 05 1f da 09 3e e7   s../...Y{3....>.
    0020 - 6e bd 42 b1 68 e5 ff 46-c5 28 87 67 08 62 9b 19   n.B.h..F.(.g.b..
    0030 - d0 9e d4 36 6c 19 31 b5-f1 97 3c c8 60 33 40 09   ...6l.1...<.`3@.
    0040 - 42 1b af ac b9 5d f1 5a-cf 8a f0 d0 11 cd ff 66   B....].Z.......f
    0050 - 9d cd f2 31 d4 cd 2b 60-ed af f3 33 23 1c 56 49   ...1..+`...3#.VI
    0060 - 65 00 6d e3 a8 95 f0 2a-61 30 fe df bb be 58 11   e.m....*a0....X.
    0070 - 8b fe 48 3e bc bd 39 df-59 a2 6c 17 6b 0c a8 ec   ..H>..9.Y.l.k...
    0080 - 21 a9 22 63 51 d2 96 c7-8d 0d 28 2c f9 54 3d d8   !."cQ.....(,.T=.
    0090 - c0 ef 31 9f 45 b0 1b 35-3c 21 38 03 aa ed 1a f3   ..1.E..5<!8.....
    00a0 - 50 2c 6c a5 2e ad 76 34-f6 73 e6 19 ef 60 13 26   P,l...v4.s...`.&
    00b0 - 3e fe 4b e5 1a 03 3d 51-25 bc 63 d6 7a a1 30 aa   >.K...=Q%.c.z.0.

    Start Time: 1719321277
    Timeout   : 7200 (sec)
    Verify return code: 0 (ok)
    Extended master secret: yes
---
